HiSchool/app/build/intermediates/manifest_merge_blame_file/debug/manifest-merger-blame-debug-report.txt
1<?xml version="1.0" encoding="utf-8"?>
2<manifest xmlns:android="http://schemas.android.com/apk/res/android"
3    package="com.example.hischool"
4    android:versionCode="1"
5    android:versionName="1.0" >
6
7    <uses-sdk
8        android:minSdkVersion="23"
8-->src\main\AndroidManifest.xml
9        android:targetSdkVersion="30" />
9-->src\main\AndroidManifest.xml
10
11    <uses-permission android:name="android.permission.INTERNET" />
11-->src\main\AndroidManifest.xml:6:5-67
11-->src\main\AndroidManifest.xml:6:22-64
12    <uses-permission android:name="android.permission.READ_EXTERNAL_STORAGE" />
12-->src\main\AndroidManifest.xml:7:5-80
12-->src\main\AndroidManifest.xml:7:22-77
13    <uses-permission android:name="android.permission.READ_EXTERNAL_STORAGE" />
13-->src\main\AndroidManifest.xml:7:5-80
13-->src\main\AndroidManifest.xml:7:22-77
14    <uses-permission android:name="android.permission.INTERNET" />
14-->src\main\AndroidManifest.xml:6:5-67
14-->src\main\AndroidManifest.xml:6:22-64
15
16    <application
16-->src\main\AndroidManifest.xml:11:5-38:19
17        android:name="com.example.hischool.sharedpreferences.App"
17-->src\main\AndroidManifest.xml:12:9-46
18        android:allowBackup="true"
18-->src\main\AndroidManifest.xml:13:9-35
19        android:appComponentFactory="androidx.core.app.CoreComponentFactory"
19-->[androidx.core:core:1.3.2] AndroidManifest.xml:24:18-86
20        android:debuggable="true"
21        android:extractNativeLibs="false"
22        android:icon="@mipmap/ic_launcher"
22-->src\main\AndroidManifest.xml:14:9-43
23        android:label="@string/app_name"
23-->src\main\AndroidManifest.xml:15:9-41
24        android:roundIcon="@mipmap/ic_launcher_round"
24-->src\main\AndroidManifest.xml:16:9-54
25        android:supportsRtl="true"
25-->src\main\AndroidManifest.xml:17:9-35
26        android:testOnly="true"
27        android:theme="@style/AppTheme" >
27-->src\main\AndroidManifest.xml:18:9-40
28        <activity android:name="com.example.hischool.view.activity.LoadingActivity" >
28-->src\main\AndroidManifest.xml:19:9-25:20
28-->src\main\AndroidManifest.xml:19:19-64
29            <intent-filter>
29-->src\main\AndroidManifest.xml:20:13-24:29
30                <action android:name="android.intent.action.MAIN" />
30-->src\main\AndroidManifest.xml:21:17-69
30-->src\main\AndroidManifest.xml:21:25-66
31
32                <category android:name="android.intent.category.LAUNCHER" />
32-->src\main\AndroidManifest.xml:23:17-77
32-->src\main\AndroidManifest.xml:23:27-74
33            </intent-filter>
34        </activity>
35        <activity android:name="com.example.hischool.view.activity.QuestionActivity" />
35-->src\main\AndroidManifest.xml:26:9-68
35-->src\main\AndroidManifest.xml:26:19-65
36        <activity android:name="com.example.hischool.view.activity.SelectSchoolActivity" />
36-->src\main\AndroidManifest.xml:27:9-72
36-->src\main\AndroidManifest.xml:27:19-69
37        <activity android:name="com.example.hischool.view.activity.CommentActivity" />
37-->src\main\AndroidManifest.xml:28:9-67
37-->src\main\AndroidManifest.xml:28:19-64
38        <activity android:name="com.example.hischool.view.activity.EditFeedActivity" />
38-->src\main\AndroidManifest.xml:29:9-68
38-->src\main\AndroidManifest.xml:29:19-65
39        <activity android:name="com.example.hischool.view.activity.EditCommentActivity" />
39-->src\main\AndroidManifest.xml:30:9-71
39-->src\main\AndroidManifest.xml:30:19-68
40        <activity
40-->src\main\AndroidManifest.xml:31:9-34:20
41            android:name="com.example.hischool.view.activity.SignActivity"
41-->src\main\AndroidManifest.xml:32:13-55
42            android:windowSoftInputMode="adjustResize" >
42-->src\main\AndroidManifest.xml:33:13-55
43        </activity>
44        <activity
44-->src\main\AndroidManifest.xml:35:9-37:48
45            android:name="com.example.hischool.view.activity.MainActivity"
45-->src\main\AndroidManifest.xml:36:13-55
46            android:label="@string/app_name" />
46-->src\main\AndroidManifest.xml:37:13-45
47
48        <service
48-->[androidx.room:room-runtime:2.2.5] AndroidManifest.xml:25:9-28:40
49            android:name="androidx.room.MultiInstanceInvalidationService"
49-->[androidx.room:room-runtime:2.2.5] AndroidManifest.xml:26:13-74
50            android:directBootAware="true"
50-->[androidx.room:room-runtime:2.2.5] AndroidManifest.xml:27:13-43
51            android:exported="false" />
51-->[androidx.room:room-runtime:2.2.5] AndroidManifest.xml:28:13-37
52
53        <provider
53-->[androidx.lifecycle:lifecycle-process:2.2.0] AndroidManifest.xml:25:9-29:43
54            android:name="androidx.lifecycle.ProcessLifecycleOwnerInitializer"
54-->[androidx.lifecycle:lifecycle-process:2.2.0] AndroidManifest.xml:26:13-79
55            android:authorities="com.example.hischool.lifecycle-process"
55-->[androidx.lifecycle:lifecycle-process:2.2.0] AndroidManifest.xml:27:13-69
56            android:exported="false"
56-->[androidx.lifecycle:lifecycle-process:2.2.0] AndroidManifest.xml:28:13-37
57            android:multiprocess="true" />
57-->[androidx.lifecycle:lifecycle-process:2.2.0] AndroidManifest.xml:29:13-40
58    </application>
59
60</manifest>